1 mv -19.9
7 8
4 10 v -19.9

3 mv -19.9
6 7
6 10 v -19.9

-17.91 w 3 8
5 mv -19.9
5 6
8 10 v -19.9

-17.91 w 3 8
7 mv -18.9
4 5
10 10 v -18.9

-16.91 w 3 8
9 mv -18.9
3 3
12 10 v -18.9

-16.91 w 3 8
11 mv -18.9
2 2
14 10 v -18.9

-16.91 w 3 8
2 2
3 8 v -16.91

-15.92 w 3 12
2 3
3 12 v -15.92

-15.92 w 2 15
17 mv -17.91
2 3
14 12 v -17.91

-16.91 w 2 15
19 mv -18.89
3 3
14 14 v -18.89

-16.9 w 2 15
21 mv -18.88
5 3
14 12 v -18.88

-16.89 w 2 15
23 mv -18.88
7 3
12 12 v -18.88

-18.87 w 2 15
25 mv -20.86
7 3
10 12 v -20.86

-18.87 w 2 15
27 mv -20.86
9 3
8 12 v -20.86

-21.85 w 2 15
29 mv -23.84
8 3
6 12 v -23.84

